1692639607 1692639607 0
1692639607 1692639607 0
1692639607 1692639607 0
1692639607 1692639607 0
1692639607 1692639607 0
1692639607 1692639607 0
1692639607 1692639607 0
1692639607 1692639607 0
1692639607 1692639607 0
1692639607 1692639607 0
1692639607 1692639607 0
1692639607 1692639607 0
1692639607 1692639607 0
1692639607 1692639607 0
1692639607 1692639607 0
1692639607 1692639607 0
1692639607 1692639607 0
1692639607 1692639607 0
1692639607 1692639607 0
1692639607 1692639607 0
1692639607 1692639607 0
1692639607 1692639607 0
1692639607 1692639607 0
1692639607 1692639607 0
1692639607 1692639607 0
1692639607 1692639607 0
1692639607 1692639607 0
1692639607 1692639607 0
1692639607 1692639607 0
1692639607 1692639607 0
1692639607 1692639607 0
1692639607 1692639607 0
1692639607 1692639607 0
1692639607 1692639607 0
1692639607 1692639607 0
1692639607 1692639607 0
1692639607 1692639607 0
1692639607 1692639607 0
1692639607 1692639607 0
1692639607 1692639607 0
1692639607 1692639607 0
1692639607 1692639607 0
1692639607 1692639607 0
1692639607 1692639607 0
1692639607 1692639607 0
1692639607 1692639607 0
1692639607 1692639607 0
1692639607 1692639607 0
1692639607 1692639607 0
1692639607 1692639607 0
1692639607 1692639607 0
1692639607 1692639607 0
1692639607 1692639607 0
1692639607 1692639607 0
1692639607 1692639607 0
1692639607 1692639607 0
1692639607 1692639607 0
1692639607 1692639607 0
1692639607 1692639607 0
